<?xml version="1.0" encoding="utf-8"?><testsuites name="pytest tests"><testsuite name="pytest" errors="0" failures="0" skipped="0" tests="8" time="1.507" timestamp="2026-07-21T00:31:28.644580+00:00" hostname="agent-env-21014b79-1509-4caf-a6ba-bd869d0f4a5a"><testcase classname="backend.tests.test_auth_refresh_fix.TestDevLogin" name="test_dev_login_returns_token_and_user" time="0.192" /><testcase classname="backend.tests.test_auth_refresh_fix.TestDevLogin" name="test_dev_login_rejects_non_mtree_email" time="0.120" /><testcase classname="backend.tests.test_auth_refresh_fix.TestAuthMe" name="test_me_with_valid_token_returns_200" time="0.271" /><testcase classname="backend.tests.test_auth_refresh_fix.TestAuthMe" name="test_me_with_invalid_token_returns_401" time="0.228" /><testcase classname="backend.tests.test_auth_refresh_fix.TestAuthMe" name="test_me_with_no_auth_header_returns_401" time="0.133" /><testcase classname="backend.tests.test_auth_refresh_fix.TestAuthMe" name="test_me_with_malformed_bearer_returns_401" time="0.100" /><testcase classname="backend.tests.test_auth_refresh_fix.TestLogoutAndProfileUpdate" name="test_profile_update_then_me_reflects_change" time="0.262" /><testcase classname="backend.tests.test_auth_refresh_fix.TestLogoutAndProfileUpdate" name="test_logout_then_old_token_still_processed_by_server" time="0.151" /></testsuite></testsuites>