<?xml version="1.0" encoding="utf-8"?><testsuites name="pytest tests"><testsuite name="pytest" errors="0" failures="0" skipped="0" tests="2" time="0.567" timestamp="2026-07-21T10:03:29.102219+00:00" hostname="agent-env-21014b79-1509-4caf-a6ba-bd869d0f4a5a"><testcase classname="backend.tests.test_success_donation_hide.TestManifestedWithZeroDonation" name="test_create_and_manifest_with_zero_donation" time="0.465" /><testcase classname="backend.tests.test_success_donation_hide.TestManifestedWithZeroDonation" name="test_auth_me_sanity" time="0.054" /></testsuite></testsuites>