<?xml version="1.0" encoding="utf-8"?><testsuites name="pytest tests"><testsuite name="pytest" errors="0" failures="0" skipped="0" tests="4" time="0.708" timestamp="2026-07-21T10:23:19.687648+00:00" hostname="agent-env-21014b79-1509-4caf-a6ba-bd869d0f4a5a"><testcase classname="backend.tests.test_subscription_hide.TestSubscriptionStillFreeForAll" name="test_fresh_user_dev_login_is_premium_true" time="0.226" /><testcase classname="backend.tests.test_subscription_hide.TestSubscriptionStillFreeForAll" name="test_existing_premium_user_still_premium" time="0.103" /><testcase classname="backend.tests.test_subscription_hide.TestSubscriptionStillFreeForAll" name="test_onboarding_done_flag_persists_for_redirect_logic" time="0.183" /><testcase classname="backend.tests.test_subscription_hide.TestSubscriptionStillFreeForAll" name="test_subscribe_endpoint_still_technically_reachable_but_unused_by_ui" time="0.147" /></testsuite></testsuites>