<?xml version="1.0" encoding="utf-8"?><testsuites name="pytest tests"><testsuite name="pytest" errors="0" failures="0" skipped="0" tests="6" time="1.014" timestamp="2026-07-20T23:06:27.865325+00:00" hostname="agent-env-21014b79-1509-4caf-a6ba-bd869d0f4a5a"><testcase classname="backend.tests.test_streak_reminder_and_wall_detail.TestStreakReminderProfile" name="test_me_has_streak_reminder_defaults" time="0.348" /><testcase classname="backend.tests.test_streak_reminder_and_wall_detail.TestStreakReminderProfile" name="test_patch_enable_streak_reminder" time="0.112" /><testcase classname="backend.tests.test_streak_reminder_and_wall_detail.TestStreakReminderProfile" name="test_patch_change_time_only" time="0.083" /><testcase classname="backend.tests.test_streak_reminder_and_wall_detail.TestStreakReminderProfile" name="test_patch_disable_streak_reminder" time="0.099" /><testcase classname="backend.tests.test_streak_reminder_and_wall_detail.TestCommunityWallDetail" name="test_wall_accessible_for_premium" time="0.054" /><testcase classname="backend.tests.test_streak_reminder_and_wall_detail.TestCommunityWallDetail" name="test_create_and_manifest_for_wall" time="0.272" /></testsuite></testsuites>