<?xml version="1.0" encoding="utf-8"?><testsuites name="pytest tests"><testsuite name="pytest" errors="0" failures="0" skipped="0" tests="6" time="1.478" timestamp="2026-07-20T23:37:31.668115+00:00" hostname="agent-env-21014b79-1509-4caf-a6ba-bd869d0f4a5a"><testcase classname="backend.tests.test_wall_badges_streak_default_v7.TestItem10StreakReminderDefaultOn" name="test_fresh_user_streak_reminder_default_true" time="0.333" /><testcase classname="backend.tests.test_wall_badges_streak_default_v7.TestItem10StreakReminderDefaultOn" name="test_fresh_user_can_opt_out" time="0.267" /><testcase classname="backend.tests.test_wall_badges_streak_default_v7.TestItem9NoTestUserOnWall" name="test_wall_excludes_test_user" time="0.217" /><testcase classname="backend.tests.test_wall_badges_streak_default_v7.TestItem9NoTestUserOnWall" name="test_leaderboard_excludes_test_user" time="0.199" /><testcase classname="backend.tests.test_wall_badges_streak_default_v7.TestItem9NoTestUserOnWall" name="test_new_manifestation_forced_private_for_mtree_dev" time="0.247" /><testcase classname="backend.tests.test_wall_badges_streak_default_v7.TestItem7WallBadgeFields" name="test_wall_items_have_badge_fields" time="0.160" /></testsuite></testsuites>