<?xml version="1.0" encoding="utf-8"?><testsuites name="pytest tests"><testsuite name="pytest" errors="0" failures="0" skipped="0" tests="7" time="0.806" timestamp="2026-07-20T22:49:10.951225+00:00" hostname="agent-env-21014b79-1509-4caf-a6ba-bd869d0f4a5a"><testcase classname="backend.tests.test_streak_healing_fix.TestMaxStreakHealing" name="test_dev_login_and_me" time="0.365" /><testcase classname="backend.tests.test_streak_healing_fix.TestMaxStreakHealing" name="test_get_or_create_active_manifestation" time="0.061" /><testcase classname="backend.tests.test_streak_healing_fix.TestMaxStreakHealing" name="test_perform_ritual_and_verify_streak_sync" time="0.103" /><testcase classname="backend.tests.test_streak_healing_fix.TestMaxStreakHealing" name="test_leaderboard_does_not_error_and_respects_invariant" time="0.054" /><testcase classname="backend.tests.test_streak_healing_fix.TestMaxStreakHealing" name="test_saved_does_not_error_and_respects_invariant" time="0.055" /><testcase classname="backend.tests.test_streak_healing_fix.TestMaxStreakHealing" name="test_garden_does_not_error_and_respects_invariant" time="0.054" /><testcase classname="backend.tests.test_streak_healing_fix.TestMaxStreakHealing" name="test_wall_does_not_error" time="0.063" /></testsuite></testsuites>