<?xml version="1.0" encoding="utf-8"?><testsuites name="pytest tests"><testsuite name="pytest" errors="45" failures="0" skipped="26" tests="176" time="38.503" timestamp="2026-07-20T21:47:28.428942+00:00" hostname="agent-env-21014b79-1509-4caf-a6ba-bd869d0f4a5a"><testcase classname="backend.tests.test_admin_guard.TestAdminListExcludesAdmins" name="test_list_users_excludes_admin_email" time="0.006"><error message="failed on setup with &quot;AssertionError: Admin user must already exist in DB&#10;assert None&quot;">backend/tests/test_admin_guard.py:54: in admin_token
    assert admin_user, "Admin user must already exist in DB"
E   AssertionError: Admin user must already exist in DB
E   assert None</error></testcase><testcase classname="backend.tests.test_admin_guard.TestAdminListExcludesAdmins" name="test_search_by_admin_name_or_email_returns_nothing" time="0.000"><error message="failed on setup with &quot;AssertionError: Admin user must already exist in DB&#10;assert None&quot;">backend/tests/test_admin_guard.py:54: in admin_token
    assert admin_user, "Admin user must already exist in DB"
E   AssertionError: Admin user must already exist in DB
E   assert None</error></testcase><testcase classname="backend.tests.test_admin_guard.TestAdminListExcludesAdmins" name="test_search_admin_name_variant" time="0.000"><error message="failed on setup with &quot;AssertionError: Admin user must already exist in DB&#10;assert None&quot;">backend/tests/test_admin_guard.py:54: in admin_token
    assert admin_user, "Admin user must already exist in DB"
E   AssertionError: Admin user must already exist in DB
E   assert None</error></testcase><testcase classname="backend.tests.test_admin_guard.TestMutationGuardOnAdmin" name="test_delete_admin_blocked" time="0.000"><error message="failed on setup with &quot;AssertionError: Admin user must already exist in DB&#10;assert None&quot;">backend/tests/test_admin_guard.py:54: in admin_token
    assert admin_user, "Admin user must already exist in DB"
E   AssertionError: Admin user must already exist in DB
E   assert None</error></testcase><testcase classname="backend.tests.test_admin_guard.TestMutationGuardOnAdmin" name="test_block_admin_blocked" time="0.000"><error message="failed on setup with &quot;AssertionError: Admin user must already exist in DB&#10;assert None&quot;">backend/tests/test_admin_guard.py:54: in admin_token
    assert admin_user, "Admin user must already exist in DB"
E   AssertionError: Admin user must already exist in DB
E   assert None</error></testcase><testcase classname="backend.tests.test_admin_guard.TestMutationGuardOnAdmin" name="test_unblock_admin_blocked" time="0.000"><error message="failed on setup with &quot;AssertionError: Admin user must already exist in DB&#10;assert None&quot;">backend/tests/test_admin_guard.py:54: in admin_token
    assert admin_user, "Admin user must already exist in DB"
E   AssertionError: Admin user must already exist in DB
E   assert None</error></testcase><testcase classname="backend.tests.test_admin_guard.TestMutationGuardOnAdmin" name="test_patch_admin_blocked" time="0.000"><error message="failed on setup with &quot;AssertionError: Admin user must already exist in DB&#10;assert None&quot;">backend/tests/test_admin_guard.py:54: in admin_token
    assert admin_user, "Admin user must already exist in DB"
E   AssertionError: Admin user must already exist in DB
E   assert None</error></testcase><testcase classname="backend.tests.test_admin_guard.TestMutationGuardOnAdmin" name="test_extend_premium_admin_blocked" time="0.000"><error message="failed on setup with &quot;AssertionError: Admin user must already exist in DB&#10;assert None&quot;">backend/tests/test_admin_guard.py:54: in admin_token
    assert admin_user, "Admin user must already exist in DB"
E   AssertionError: Admin user must already exist in DB
E   assert None</error></testcase><testcase classname="backend.tests.test_admin_guard.TestMutationGuardOnAdmin" name="test_revoke_premium_admin_blocked" time="0.000"><error message="failed on setup with &quot;AssertionError: Admin user must already exist in DB&#10;assert None&quot;">backend/tests/test_admin_guard.py:54: in admin_token
    assert admin_user, "Admin user must already exist in DB"
E   AssertionError: Admin user must already exist in DB
E   assert None</error></testcase><testcase classname="backend.tests.test_admin_guard.TestMutationGuardOnAdmin" name="test_force_logout_admin_blocked" time="0.000"><error message="failed on setup with &quot;AssertionError: Admin user must already exist in DB&#10;assert None&quot;">backend/tests/test_admin_guard.py:54: in admin_token
    assert admin_user, "Admin user must already exist in DB"
E   AssertionError: Admin user must already exist in DB
E   assert None</error></testcase><testcase classname="backend.tests.test_admin_guard.TestReadOnlyDetailStillWorksForAdmin" name="test_get_admin_detail_ok" time="0.000"><error message="failed on setup with &quot;AssertionError: Admin user must already exist in DB&#10;assert None&quot;">backend/tests/test_admin_guard.py:54: in admin_token
    assert admin_user, "Admin user must already exist in DB"
E   AssertionError: Admin user must already exist in DB
E   assert None</error></testcase><testcase classname="backend.tests.test_admin_guard.TestAdminAccountUnaffected" name="test_admin_still_intact" time="0.000"><error message="failed on setup with &quot;AssertionError: Admin user must already exist in DB&#10;assert None&quot;">backend/tests/test_admin_guard.py:54: in admin_token
    assert admin_user, "Admin user must already exist in DB"
E   AssertionError: Admin user must already exist in DB
E   assert None</error></testcase><testcase classname="backend.tests.test_admin_guard.TestNormalUserRegressionStillWorks" name="test_full_crud_regression_on_test_user" time="0.000"><error message="failed on setup with &quot;AssertionError: Admin user must already exist in DB&#10;assert None&quot;">backend/tests/test_admin_guard.py:54: in admin_token
    assert admin_user, "Admin user must already exist in DB"
E   AssertionError: Admin user must already exist in DB
E   assert None</error></testcase><testcase classname="backend.tests.test_admin_panel.TestDevLoginGating" name="test_dev_login_rejects_non_mtree_domain" time="0.188" /><testcase classname="backend.tests.test_admin_panel.TestDevLoginGating" name="test_dev_login_accepts_mtree_dev_domain" time="0.171" /><testcase classname="backend.tests.test_admin_panel.TestAdminAuthGate" name="test_me_is_admin_false_for_regular_user" time="0.389" /><testcase classname="backend.tests.test_admin_panel.TestAdminAuthGate" name="test_me_is_admin_true_for_admin_user" time="0.003"><error message="failed on setup with &quot;AssertionError: expected real admin user nextleveldev706@gmail.com to already exist in DB&#10;assert None&quot;">backend/tests/test_admin_panel.py:67: in admin_token
    assert existing, f"expected real admin user {ADMIN_EMAIL} to already exist in DB"
E   AssertionError: expected real admin user nextleveldev706@gmail.com to already exist in DB
E   assert None</error></testcase><testcase classname="backend.tests.test_admin_panel.TestAdminAuthGate" name="test_admin_stats_403_for_non_admin" time="0.185" /><testcase classname="backend.tests.test_admin_panel.TestAdminAuthGate" name="test_admin_users_403_for_non_admin" time="0.138" /><testcase classname="backend.tests.test_admin_panel.TestAdminAuthGate" name="test_admin_manifestations_403_for_non_admin" time="0.142" /><testcase classname="backend.tests.test_admin_panel.TestAdminAuthGate" name="test_admin_route_401_for_no_token" time="0.094" /><testcase classname="backend.tests.test_admin_panel.TestAdminStats" name="test_stats_shape" time="0.001"><error message="failed on setup with &quot;AssertionError: expected real admin user nextleveldev706@gmail.com to already exist in DB&#10;assert None&quot;">backend/tests/test_admin_panel.py:67: in admin_token
    assert existing, f"expected real admin user {ADMIN_EMAIL} to already exist in DB"
E   AssertionError: expected real admin user nextleveldev706@gmail.com to already exist in DB
E   assert None</error></testcase><testcase classname="backend.tests.test_admin_panel.TestAdminUsers" name="test_list_users_shape" time="0.001"><error message="failed on setup with &quot;AssertionError: expected real admin user nextleveldev706@gmail.com to already exist in DB&#10;assert None&quot;">backend/tests/test_admin_panel.py:67: in admin_token
    assert existing, f"expected real admin user {ADMIN_EMAIL} to already exist in DB"
E   AssertionError: expected real admin user nextleveldev706@gmail.com to already exist in DB
E   assert None</error></testcase><testcase classname="backend.tests.test_admin_panel.TestAdminUsers" name="test_search_by_name_substring" time="0.001"><error message="failed on setup with &quot;AssertionError: expected real admin user nextleveldev706@gmail.com to already exist in DB&#10;assert None&quot;">backend/tests/test_admin_panel.py:67: in admin_token
    assert existing, f"expected real admin user {ADMIN_EMAIL} to already exist in DB"
E   AssertionError: expected real admin user nextleveldev706@gmail.com to already exist in DB
E   assert None</error></testcase><testcase classname="backend.tests.test_admin_panel.TestAdminUsers" name="test_search_by_email_substring" time="0.001"><error message="failed on setup with &quot;AssertionError: expected real admin user nextleveldev706@gmail.com to already exist in DB&#10;assert None&quot;">backend/tests/test_admin_panel.py:67: in admin_token
    assert existing, f"expected real admin user {ADMIN_EMAIL} to already exist in DB"
E   AssertionError: expected real admin user nextleveldev706@gmail.com to already exist in DB
E   assert None</error></testcase><testcase classname="backend.tests.test_admin_panel.TestAdminUsers" name="test_get_user_detail_with_manifestations" time="0.001"><error message="failed on setup with &quot;AssertionError: expected real admin user nextleveldev706@gmail.com to already exist in DB&#10;assert None&quot;">backend/tests/test_admin_panel.py:67: in admin_token
    assert existing, f"expected real admin user {ADMIN_EMAIL} to already exist in DB"
E   AssertionError: expected real admin user nextleveldev706@gmail.com to already exist in DB
E   assert None</error></testcase><testcase classname="backend.tests.test_admin_panel.TestAdminUsers" name="test_get_user_detail_404_for_missing" time="0.001"><error message="failed on setup with &quot;AssertionError: expected real admin user nextleveldev706@gmail.com to already exist in DB&#10;assert None&quot;">backend/tests/test_admin_panel.py:67: in admin_token
    assert existing, f"expected real admin user {ADMIN_EMAIL} to already exist in DB"
E   AssertionError: expected real admin user nextleveldev706@gmail.com to already exist in DB
E   assert None</error></testcase><testcase classname="backend.tests.test_admin_panel.TestAdminUsers" name="test_toggle_premium_off_then_on" time="0.001"><error message="failed on setup with &quot;AssertionError: expected real admin user nextleveldev706@gmail.com to already exist in DB&#10;assert None&quot;">backend/tests/test_admin_panel.py:67: in admin_token
    assert existing, f"expected real admin user {ADMIN_EMAIL} to already exist in DB"
E   AssertionError: expected real admin user nextleveldev706@gmail.com to already exist in DB
E   assert None</error></testcase><testcase classname="backend.tests.test_admin_panel.TestAdminUsers" name="test_delete_user_cascades" time="0.001"><error message="failed on setup with &quot;AssertionError: expected real admin user nextleveldev706@gmail.com to already exist in DB&#10;assert None&quot;">backend/tests/test_admin_panel.py:67: in admin_token
    assert existing, f"expected real admin user {ADMIN_EMAIL} to already exist in DB"
E   AssertionError: expected real admin user nextleveldev706@gmail.com to already exist in DB
E   assert None</error></testcase><testcase classname="backend.tests.test_admin_panel.TestAdminUsers" name="test_delete_user_404_for_missing" time="0.001"><error message="failed on setup with &quot;AssertionError: expected real admin user nextleveldev706@gmail.com to already exist in DB&#10;assert None&quot;">backend/tests/test_admin_panel.py:67: in admin_token
    assert existing, f"expected real admin user {ADMIN_EMAIL} to already exist in DB"
E   AssertionError: expected real admin user nextleveldev706@gmail.com to already exist in DB
E   assert None</error></testcase><testcase classname="backend.tests.test_admin_panel.TestAdminManifestations" name="test_list_manifestations_filtered" time="0.001"><error message="failed on setup with &quot;AssertionError: expected real admin user nextleveldev706@gmail.com to already exist in DB&#10;assert None&quot;">backend/tests/test_admin_panel.py:67: in admin_token
    assert existing, f"expected real admin user {ADMIN_EMAIL} to already exist in DB"
E   AssertionError: expected real admin user nextleveldev706@gmail.com to already exist in DB
E   assert None</error></testcase><testcase classname="backend.tests.test_admin_panel.TestAdminManifestations" name="test_delete_manifestation" time="0.001"><error message="failed on setup with &quot;AssertionError: expected real admin user nextleveldev706@gmail.com to already exist in DB&#10;assert None&quot;">backend/tests/test_admin_panel.py:67: in admin_token
    assert existing, f"expected real admin user {ADMIN_EMAIL} to already exist in DB"
E   AssertionError: expected real admin user nextleveldev706@gmail.com to already exist in DB
E   assert None</error></testcase><testcase classname="backend.tests.test_admin_panel.TestAdminManifestations" name="test_delete_manifestation_404_for_missing" time="0.001"><error message="failed on setup with &quot;AssertionError: expected real admin user nextleveldev706@gmail.com to already exist in DB&#10;assert None&quot;">backend/tests/test_admin_panel.py:67: in admin_token
    assert existing, f"expected real admin user {ADMIN_EMAIL} to already exist in DB"
E   AssertionError: expected real admin user nextleveldev706@gmail.com to already exist in DB
E   assert None</error></testcase><testcase classname="backend.tests.test_admin_user_detail_v2.TestAdminRenameUser" name="test_patch_name_updates_and_persists" time="0.003"><error message="failed on setup with &quot;AssertionError: expected real admin user nextleveldev706@gmail.com to already exist in DB&#10;assert None&quot;">backend/tests/test_admin_user_detail_v2.py:57: in admin_token
    assert existing, f"expected real admin user {ADMIN_EMAIL} to already exist in DB"
E   AssertionError: expected real admin user nextleveldev706@gmail.com to already exist in DB
E   assert None</error></testcase><testcase classname="backend.tests.test_admin_user_detail_v2.TestAdminExtendRevokePremium" name="test_extend_premium_from_not_premium_sets_expiry_from_now" time="0.001"><error message="failed on setup with &quot;AssertionError: expected real admin user nextleveldev706@gmail.com to already exist in DB&#10;assert None&quot;">backend/tests/test_admin_user_detail_v2.py:57: in admin_token
    assert existing, f"expected real admin user {ADMIN_EMAIL} to already exist in DB"
E   AssertionError: expected real admin user nextleveldev706@gmail.com to already exist in DB
E   assert None</error></testcase><testcase classname="backend.tests.test_admin_user_detail_v2.TestAdminExtendRevokePremium" name="test_extend_premium_stacks_on_future_expiry" time="0.001"><error message="failed on setup with &quot;AssertionError: expected real admin user nextleveldev706@gmail.com to already exist in DB&#10;assert None&quot;">backend/tests/test_admin_user_detail_v2.py:57: in admin_token
    assert existing, f"expected real admin user {ADMIN_EMAIL} to already exist in DB"
E   AssertionError: expected real admin user nextleveldev706@gmail.com to already exist in DB
E   assert None</error></testcase><testcase classname="backend.tests.test_admin_user_detail_v2.TestAdminExtendRevokePremium" name="test_extend_premium_on_expired_resets_from_now" time="0.001"><error message="failed on setup with &quot;AssertionError: expected real admin user nextleveldev706@gmail.com to already exist in DB&#10;assert None&quot;">backend/tests/test_admin_user_detail_v2.py:57: in admin_token
    assert existing, f"expected real admin user {ADMIN_EMAIL} to already exist in DB"
E   AssertionError: expected real admin user nextleveldev706@gmail.com to already exist in DB
E   assert None</error></testcase><testcase classname="backend.tests.test_admin_user_detail_v2.TestAdminExtendRevokePremium" name="test_revoke_premium_clears_flag_and_expiry" time="0.001"><error message="failed on setup with &quot;AssertionError: expected real admin user nextleveldev706@gmail.com to already exist in DB&#10;assert None&quot;">backend/tests/test_admin_user_detail_v2.py:57: in admin_token
    assert existing, f"expected real admin user {ADMIN_EMAIL} to already exist in DB"
E   AssertionError: expected real admin user nextleveldev706@gmail.com to already exist in DB
E   assert None</error></testcase><testcase classname="backend.tests.test_admin_user_detail_v2.TestAdminExtendRevokePremium" name="test_extend_premium_404_for_missing_user" time="0.001"><error message="failed on setup with &quot;AssertionError: expected real admin user nextleveldev706@gmail.com to already exist in DB&#10;assert None&quot;">backend/tests/test_admin_user_detail_v2.py:57: in admin_token
    assert existing, f"expected real admin user {ADMIN_EMAIL} to already exist in DB"
E   AssertionError: expected real admin user nextleveldev706@gmail.com to already exist in DB
E   assert None</error></testcase><testcase classname="backend.tests.test_admin_user_detail_v2.TestAdminExtendRevokePremium" name="test_revoke_premium_404_for_missing_user" time="0.001"><error message="failed on setup with &quot;AssertionError: expected real admin user nextleveldev706@gmail.com to already exist in DB&#10;assert None&quot;">backend/tests/test_admin_user_detail_v2.py:57: in admin_token
    assert existing, f"expected real admin user {ADMIN_EMAIL} to already exist in DB"
E   AssertionError: expected real admin user nextleveldev706@gmail.com to already exist in DB
E   assert None</error></testcase><testcase classname="backend.tests.test_admin_user_detail_v2.TestAdminForceLogout" name="test_force_logout_revokes_sessions_and_old_token_401s" time="0.001"><error message="failed on setup with &quot;AssertionError: expected real admin user nextleveldev706@gmail.com to already exist in DB&#10;assert None&quot;">backend/tests/test_admin_user_detail_v2.py:57: in admin_token
    assert existing, f"expected real admin user {ADMIN_EMAIL} to already exist in DB"
E   AssertionError: expected real admin user nextleveldev706@gmail.com to already exist in DB
E   assert None</error></testcase><testcase classname="backend.tests.test_admin_user_detail_v2.TestAdminForceLogout" name="test_force_logout_zero_sessions_for_already_logged_out" time="0.001"><error message="failed on setup with &quot;AssertionError: expected real admin user nextleveldev706@gmail.com to already exist in DB&#10;assert None&quot;">backend/tests/test_admin_user_detail_v2.py:57: in admin_token
    assert existing, f"expected real admin user {ADMIN_EMAIL} to already exist in DB"
E   AssertionError: expected real admin user nextleveldev706@gmail.com to already exist in DB
E   assert None</error></testcase><testcase classname="backend.tests.test_admin_user_detail_v2.TestAdminForceLogout" name="test_force_logout_403_for_non_admin" time="0.166" /><testcase classname="backend.tests.test_admin_user_detail_v2.TestAdminUserDetailManifestations" name="test_manifestations_array_included_and_matches" time="0.001"><error message="failed on setup with &quot;AssertionError: expected real admin user nextleveldev706@gmail.com to already exist in DB&#10;assert None&quot;">backend/tests/test_admin_user_detail_v2.py:57: in admin_token
    assert existing, f"expected real admin user {ADMIN_EMAIL} to already exist in DB"
E   AssertionError: expected real admin user nextleveldev706@gmail.com to already exist in DB
E   assert None</error></testcase><testcase classname="backend.tests.test_admin_user_detail_v2.TestAdminUserDetailManifestations" name="test_delete_manifestation_via_admin_removes_from_detail" time="0.001"><error message="failed on setup with &quot;AssertionError: expected real admin user nextleveldev706@gmail.com to already exist in DB&#10;assert None&quot;">backend/tests/test_admin_user_detail_v2.py:57: in admin_token
    assert existing, f"expected real admin user {ADMIN_EMAIL} to already exist in DB"
E   AssertionError: expected real admin user nextleveldev706@gmail.com to already exist in DB
E   assert None</error></testcase><testcase classname="backend.tests.test_auth_refresh_fix.TestDevLogin" name="test_dev_login_returns_token_and_user" time="0.151" /><testcase classname="backend.tests.test_auth_refresh_fix.TestDevLogin" name="test_dev_login_rejects_non_mtree_email" time="0.111" /><testcase classname="backend.tests.test_auth_refresh_fix.TestAuthMe" name="test_me_with_valid_token_returns_200" time="0.156" /><testcase classname="backend.tests.test_auth_refresh_fix.TestAuthMe" name="test_me_with_invalid_token_returns_401" time="0.094" /><testcase classname="backend.tests.test_auth_refresh_fix.TestAuthMe" name="test_me_with_no_auth_header_returns_401" time="0.105" /><testcase classname="backend.tests.test_auth_refresh_fix.TestAuthMe" name="test_me_with_malformed_bearer_returns_401" time="0.100" /><testcase classname="backend.tests.test_auth_refresh_fix.TestLogoutAndProfileUpdate" name="test_profile_update_then_me_reflects_change" time="0.192" /><testcase classname="backend.tests.test_auth_refresh_fix.TestLogoutAndProfileUpdate" name="test_logout_then_old_token_still_processed_by_server" time="0.182" /><testcase classname="backend.tests.test_block_unblock.TestBlockUnblockAuthGate" name="test_block_403_for_non_admin" time="0.198" /><testcase classname="backend.tests.test_block_unblock.TestBlockUnblockAuthGate" name="test_unblock_403_for_non_admin" time="0.202" /><testcase classname="backend.tests.test_block_unblock.TestBlockUnblockAuthGate" name="test_block_401_for_no_token" time="0.155" /><testcase classname="backend.tests.test_block_unblock.TestPermanentBlock" name="test_permanent_block_sets_flags" time="0.003"><error message="failed on setup with &quot;AssertionError: expected real admin user nextleveldev706@gmail.com to already exist in DB&#10;assert None&quot;">backend/tests/test_block_unblock.py:64: in admin_token
    assert existing, f"expected real admin user {ADMIN_EMAIL} to already exist in DB"
E   AssertionError: expected real admin user nextleveldev706@gmail.com to already exist in DB
E   assert None</error></testcase><testcase classname="backend.tests.test_block_unblock.TestPermanentBlock" name="test_blocked_user_gets_403_with_blocked_message" time="0.001"><error message="failed on setup with &quot;AssertionError: expected real admin user nextleveldev706@gmail.com to already exist in DB&#10;assert None&quot;">backend/tests/test_block_unblock.py:64: in admin_token
    assert existing, f"expected real admin user {ADMIN_EMAIL} to already exist in DB"
E   AssertionError: expected real admin user nextleveldev706@gmail.com to already exist in DB
E   assert None</error></testcase><testcase classname="backend.tests.test_block_unblock.TestPermanentBlock" name="test_unblock_restores_access" time="0.001"><error message="failed on setup with &quot;AssertionError: expected real admin user nextleveldev706@gmail.com to already exist in DB&#10;assert None&quot;">backend/tests/test_block_unblock.py:64: in admin_token
    assert existing, f"expected real admin user {ADMIN_EMAIL} to already exist in DB"
E   AssertionError: expected real admin user nextleveldev706@gmail.com to already exist in DB
E   assert None</error></testcase><testcase classname="backend.tests.test_block_unblock.TestTemporaryBlock" name="test_temporary_block_sets_future_blocked_until" time="0.001"><error message="failed on setup with &quot;AssertionError: expected real admin user nextleveldev706@gmail.com to already exist in DB&#10;assert None&quot;">backend/tests/test_block_unblock.py:64: in admin_token
    assert existing, f"expected real admin user {ADMIN_EMAIL} to already exist in DB"
E   AssertionError: expected real admin user nextleveldev706@gmail.com to already exist in DB
E   assert None</error></testcase><testcase classname="backend.tests.test_block_unblock.TestTemporaryBlock" name="test_temporary_block_denies_access_while_active" time="0.001"><error message="failed on setup with &quot;AssertionError: expected real admin user nextleveldev706@gmail.com to already exist in DB&#10;assert None&quot;">backend/tests/test_block_unblock.py:64: in admin_token
    assert existing, f"expected real admin user {ADMIN_EMAIL} to already exist in DB"
E   AssertionError: expected real admin user nextleveldev706@gmail.com to already exist in DB
E   assert None</error></testcase><testcase classname="backend.tests.test_block_unblock.TestTemporaryBlock" name="test_expired_temp_block_auto_unblocks_on_next_request" time="0.001"><error message="failed on setup with &quot;AssertionError: expected real admin user nextleveldev706@gmail.com to already exist in DB&#10;assert None&quot;">backend/tests/test_block_unblock.py:64: in admin_token
    assert existing, f"expected real admin user {ADMIN_EMAIL} to already exist in DB"
E   AssertionError: expected real admin user nextleveldev706@gmail.com to already exist in DB
E   assert None</error></testcase><testcase classname="backend.tests.test_block_unblock.TestBlockUnblock404" name="test_block_404_for_missing_user" time="0.001"><error message="failed on setup with &quot;AssertionError: expected real admin user nextleveldev706@gmail.com to already exist in DB&#10;assert None&quot;">backend/tests/test_block_unblock.py:64: in admin_token
    assert existing, f"expected real admin user {ADMIN_EMAIL} to already exist in DB"
E   AssertionError: expected real admin user nextleveldev706@gmail.com to already exist in DB
E   assert None</error></testcase><testcase classname="backend.tests.test_block_unblock.TestBlockUnblock404" name="test_unblock_404_for_missing_user" time="0.001"><error message="failed on setup with &quot;AssertionError: expected real admin user nextleveldev706@gmail.com to already exist in DB&#10;assert None&quot;">backend/tests/test_block_unblock.py:64: in admin_token
    assert existing, f"expected real admin user {ADMIN_EMAIL} to already exist in DB"
E   AssertionError: expected real admin user nextleveldev706@gmail.com to already exist in DB
E   assert None</error></testcase><testcase classname="backend.tests.test_came_true_and_achievement_share.TestDevLogin" name="test_dev_login_new_user_is_premium" time="0.182" /><testcase classname="backend.tests.test_came_true_and_achievement_share.TestDevLogin" name="test_dev_login_rejects_non_mtree_email" time="0.101" /><testcase classname="backend.tests.test_came_true_and_achievement_share.TestManifestationCameTrueFlow" name="test_create_and_get_active" time="0.262" /><testcase classname="backend.tests.test_came_true_and_achievement_share.TestManifestationCameTrueFlow" name="test_ritual_then_manifested_with_donation" time="0.532" /><testcase classname="backend.tests.test_came_true_and_achievement_share.TestManifestationCameTrueFlow" name="test_manifested_skip_donation" time="0.245" /><testcase classname="backend.tests.test_came_true_and_achievement_share.TestManifestationCameTrueFlow" name="test_manifested_nonexistent_id_returns_404" time="0.243" /><testcase classname="backend.tests.test_country_currency.TestProfileCountry" name="test_patch_profile_persists_country" time="0.000"><skipped type="pytest.skip" message="EXPO_BACKEND_URL not set">/app/backend/tests/test_country_currency.py:76: EXPO_BACKEND_URL not set</skipped></testcase><testcase classname="backend.tests.test_country_currency.TestProfileCountry" name="test_patch_profile_country_change_persists" time="0.000"><skipped type="pytest.skip" message="EXPO_BACKEND_URL not set">/app/backend/tests/test_country_currency.py:87: EXPO_BACKEND_URL not set</skipped></testcase><testcase classname="backend.tests.test_country_currency.TestManifestedDonationCurrency" name="test_manifested_persists_donation_currency_gbp" time="0.000"><skipped type="pytest.skip" message="EXPO_BACKEND_URL not set">/app/backend/tests/test_country_currency.py:108: EXPO_BACKEND_URL not set</skipped></testcase><testcase classname="backend.tests.test_country_currency.TestManifestedDonationCurrency" name="test_manifested_default_currency_inr" time="0.000"><skipped type="pytest.skip" message="EXPO_BACKEND_URL not set">/app/backend/tests/test_country_currency.py:121: EXPO_BACKEND_URL not set</skipped></testcase><testcase classname="backend.tests.test_country_currency.TestAdminTotalDonatedUsd" name="test_total_donated_usd_multi_currency" time="0.000"><skipped type="pytest.skip" message="EXPO_BACKEND_URL not set">/app/backend/tests/test_country_currency.py:150: EXPO_BACKEND_URL not set</skipped></testcase><testcase classname="backend.tests.test_country_currency.TestAdminTotalDonatedUsd" name="test_total_donated_usd_single_gbp" time="0.000"><skipped type="pytest.skip" message="EXPO_BACKEND_URL not set">/app/backend/tests/test_country_currency.py:169: EXPO_BACKEND_URL not set</skipped></testcase><testcase classname="backend.tests.test_country_currency.TestAdminTotalDonatedUsd" name="test_admin_user_list_includes_country" time="0.000"><skipped type="pytest.skip" message="EXPO_BACKEND_URL not set">/app/backend/tests/test_country_currency.py:182: EXPO_BACKEND_URL not set</skipped></testcase><testcase classname="backend.tests.test_country_currency.TestAdminTotalDonatedUsd" name="test_admin_get_user_includes_country_field" time="0.000"><skipped type="pytest.skip" message="EXPO_BACKEND_URL not set">/app/backend/tests/test_country_currency.py:194: EXPO_BACKEND_URL not set</skipped></testcase><testcase classname="backend.tests.test_donation_rounding_fix" name="test_donation_tier_no_422[USD-101]" time="0.330"><skipped type="pytest.skip" message="Dev login disabled (ENABLE_DEV_LOGIN not set)">/app/backend/tests/test_donation_rounding_fix.py:60: Dev login disabled (ENABLE_DEV_LOGIN not set)</skipped></testcase><testcase classname="backend.tests.test_donation_rounding_fix" name="test_donation_tier_no_422[USD-201]" time="0.047"><skipped type="pytest.skip" message="Dev login disabled (ENABLE_DEV_LOGIN not set)">/app/backend/tests/test_donation_rounding_fix.py:60: Dev login disabled (ENABLE_DEV_LOGIN not set)</skipped></testcase><testcase classname="backend.tests.test_donation_rounding_fix" name="test_donation_tier_no_422[USD-501]" time="0.044"><skipped type="pytest.skip" message="Dev login disabled (ENABLE_DEV_LOGIN not set)">/app/backend/tests/test_donation_rounding_fix.py:60: Dev login disabled (ENABLE_DEV_LOGIN not set)</skipped></testcase><testcase classname="backend.tests.test_donation_rounding_fix" name="test_donation_tier_no_422[USD-1001]" time="0.043"><skipped type="pytest.skip" message="Dev login disabled (ENABLE_DEV_LOGIN not set)">/app/backend/tests/test_donation_rounding_fix.py:60: Dev login disabled (ENABLE_DEV_LOGIN not set)</skipped></testcase><testcase classname="backend.tests.test_donation_rounding_fix" name="test_donation_tier_no_422[USD-10001]" time="0.051"><skipped type="pytest.skip" message="Dev login disabled (ENABLE_DEV_LOGIN not set)">/app/backend/tests/test_donation_rounding_fix.py:60: Dev login disabled (ENABLE_DEV_LOGIN not set)</skipped></testcase><testcase classname="backend.tests.test_donation_rounding_fix" name="test_donation_tier_no_422[USD-50001]" time="0.044"><skipped type="pytest.skip" message="Dev login disabled (ENABLE_DEV_LOGIN not set)">/app/backend/tests/test_donation_rounding_fix.py:60: Dev login disabled (ENABLE_DEV_LOGIN not set)</skipped></testcase><testcase classname="backend.tests.test_donation_rounding_fix" name="test_donation_tier_no_422[INR-101]" time="0.044"><skipped type="pytest.skip" message="Dev login disabled (ENABLE_DEV_LOGIN not set)">/app/backend/tests/test_donation_rounding_fix.py:60: Dev login disabled (ENABLE_DEV_LOGIN not set)</skipped></testcase><testcase classname="backend.tests.test_donation_rounding_fix" name="test_donation_tier_no_422[INR-201]" time="0.044"><skipped type="pytest.skip" message="Dev login disabled (ENABLE_DEV_LOGIN not set)">/app/backend/tests/test_donation_rounding_fix.py:60: Dev login disabled (ENABLE_DEV_LOGIN not set)</skipped></testcase><testcase classname="backend.tests.test_donation_rounding_fix" name="test_donation_tier_no_422[INR-501]" time="0.043"><skipped type="pytest.skip" message="Dev login disabled (ENABLE_DEV_LOGIN not set)">/app/backend/tests/test_donation_rounding_fix.py:60: Dev login disabled (ENABLE_DEV_LOGIN not set)</skipped></testcase><testcase classname="backend.tests.test_donation_rounding_fix" name="test_donation_tier_no_422[INR-1001]" time="0.048"><skipped type="pytest.skip" message="Dev login disabled (ENABLE_DEV_LOGIN not set)">/app/backend/tests/test_donation_rounding_fix.py:60: Dev login disabled (ENABLE_DEV_LOGIN not set)</skipped></testcase><testcase classname="backend.tests.test_donation_rounding_fix" name="test_donation_tier_no_422[INR-10001]" time="0.044"><skipped type="pytest.skip" message="Dev login disabled (ENABLE_DEV_LOGIN not set)">/app/backend/tests/test_donation_rounding_fix.py:60: Dev login disabled (ENABLE_DEV_LOGIN not set)</skipped></testcase><testcase classname="backend.tests.test_donation_rounding_fix" name="test_donation_tier_no_422[INR-50001]" time="0.044"><skipped type="pytest.skip" message="Dev login disabled (ENABLE_DEV_LOGIN not set)">/app/backend/tests/test_donation_rounding_fix.py:60: Dev login disabled (ENABLE_DEV_LOGIN not set)</skipped></testcase><testcase classname="backend.tests.test_donation_rounding_fix" name="test_donation_tier_no_422[KWD-101]" time="0.044"><skipped type="pytest.skip" message="Dev login disabled (ENABLE_DEV_LOGIN not set)">/app/backend/tests/test_donation_rounding_fix.py:60: Dev login disabled (ENABLE_DEV_LOGIN not set)</skipped></testcase><testcase classname="backend.tests.test_donation_rounding_fix" name="test_donation_tier_no_422[KWD-201]" time="0.046"><skipped type="pytest.skip" message="Dev login disabled (ENABLE_DEV_LOGIN not set)">/app/backend/tests/test_donation_rounding_fix.py:60: Dev login disabled (ENABLE_DEV_LOGIN not set)</skipped></testcase><testcase classname="backend.tests.test_donation_rounding_fix" name="test_donation_tier_no_422[KWD-501]" time="0.044"><skipped type="pytest.skip" message="Dev login disabled (ENABLE_DEV_LOGIN not set)">/app/backend/tests/test_donation_rounding_fix.py:60: Dev login disabled (ENABLE_DEV_LOGIN not set)</skipped></testcase><testcase classname="backend.tests.test_donation_rounding_fix" name="test_donation_tier_no_422[KWD-1001]" time="0.042"><skipped type="pytest.skip" message="Dev login disabled (ENABLE_DEV_LOGIN not set)">/app/backend/tests/test_donation_rounding_fix.py:60: Dev login disabled (ENABLE_DEV_LOGIN not set)</skipped></testcase><testcase classname="backend.tests.test_donation_rounding_fix" name="test_donation_tier_no_422[KWD-10001]" time="0.046"><skipped type="pytest.skip" message="Dev login disabled (ENABLE_DEV_LOGIN not set)">/app/backend/tests/test_donation_rounding_fix.py:60: Dev login disabled (ENABLE_DEV_LOGIN not set)</skipped></testcase><testcase classname="backend.tests.test_donation_rounding_fix" name="test_donation_tier_no_422[KWD-50001]" time="0.045"><skipped type="pytest.skip" message="Dev login disabled (ENABLE_DEV_LOGIN not set)">/app/backend/tests/test_donation_rounding_fix.py:60: Dev login disabled (ENABLE_DEV_LOGIN not set)</skipped></testcase><testcase classname="backend.tests.test_journey_intro_and_ritual_reminder.TestJourneyIntroFlag" name="test_new_user_journey_intro_seen_false" time="0.130" /><testcase classname="backend.tests.test_journey_intro_and_ritual_reminder.TestJourneyIntroFlag" name="test_patch_journey_intro_seen_true_persists" time="0.260" /><testcase classname="backend.tests.test_journey_intro_and_ritual_reminder.TestJourneyIntroFlag" name="test_dev_login_repeat_returns_same_user_with_flag_intact" time="0.209" /><testcase classname="backend.tests.test_journey_intro_and_ritual_reminder.TestManifestationsAndRitualReminderData" name="test_create_manifestation_then_active_reflects_it" time="0.207" /><testcase classname="backend.tests.test_journey_intro_and_ritual_reminder.TestManifestationsAndRitualReminderData" name="test_active_manifestation_null_for_user_with_none" time="0.152" /><testcase classname="backend.tests.test_journey_intro_and_ritual_reminder.TestManifestationsAndRitualReminderData" name="test_affirmation_endpoint_returns_text" time="0.113" /><testcase classname="backend.tests.test_mtree_backend.TestAuth" name="test_dev_login_idempotent_same_email" time="0.147" /><testcase classname="backend.tests.test_mtree_backend.TestAuth" name="test_me_valid_token" time="0.046" /><testcase classname="backend.tests.test_mtree_backend.TestAuth" name="test_me_missing_auth_returns_401" time="0.043" /><testcase classname="backend.tests.test_mtree_backend.TestAuth" name="test_me_invalid_token_returns_401" time="0.044" /><testcase classname="backend.tests.test_mtree_backend.TestProfile" name="test_patch_profile_updates_fields" time="0.096" /><testcase classname="backend.tests.test_mtree_backend.TestProfile" name="test_patch_profile_busy_hours" time="0.095" /><testcase classname="backend.tests.test_mtree_backend.TestStaticData" name="test_deities_returns_seven" time="0.045" /><testcase classname="backend.tests.test_mtree_backend.TestStaticData" name="test_chandra_dasa_today" time="0.044" /><testcase classname="backend.tests.test_mtree_backend.TestStaticData" name="test_affirmations_all_categories[money]" time="0.045" /><testcase classname="backend.tests.test_mtree_backend.TestStaticData" name="test_affirmations_all_categories[health]" time="0.047" /><testcase classname="backend.tests.test_mtree_backend.TestStaticData" name="test_affirmations_all_categories[relationship]" time="0.093" /><testcase classname="backend.tests.test_mtree_backend.TestStaticData" name="test_affirmations_all_categories[career]" time="0.046" /><testcase classname="backend.tests.test_mtree_backend.TestStaticData" name="test_affirmations_all_categories[education]" time="0.055" /><testcase classname="backend.tests.test_mtree_backend.TestStaticData" name="test_affirmations_all_categories[family]" time="0.047" /><testcase classname="backend.tests.test_mtree_backend.TestStaticData" name="test_affirmations_all_categories[spiritual]" time="0.046" /><testcase classname="backend.tests.test_mtree_backend.TestStaticData" name="test_affirmations_all_categories[travel]" time="0.052" /><testcase classname="backend.tests.test_mtree_backend.TestStaticData" name="test_affirmations_all_categories[creativity]" time="0.052" /><testcase classname="backend.tests.test_mtree_backend.TestStaticData" name="test_affirmations_all_categories[fame]" time="0.045" /><testcase classname="backend.tests.test_mtree_backend.TestStaticData" name="test_affirmations_all_categories[peace]" time="0.046" /><testcase classname="backend.tests.test_mtree_backend.TestStaticData" name="test_affirmations_all_categories[confidence]" time="0.047" /><testcase classname="backend.tests.test_mtree_backend.TestStaticData" name="test_affirmations_all_categories[custom]" time="0.045" /><testcase classname="backend.tests.test_mtree_backend.TestStaticData" name="test_affirmation_unknown_falls_back_to_custom" time="0.046" /><testcase classname="backend.tests.test_mtree_backend.TestManifestations" name="test_create_manifestation" time="0.050" /><testcase classname="backend.tests.test_mtree_backend.TestManifestations" name="test_creating_new_abandons_previous" time="0.100" /><testcase classname="backend.tests.test_mtree_backend.TestManifestations" name="test_active_returns_current" time="0.048" /><testcase classname="backend.tests.test_mtree_backend.TestManifestations" name="test_ritual_increments_day" time="0.049" /><testcase classname="backend.tests.test_mtree_backend.TestManifestations" name="test_ritual_twice_same_day_returns_400" time="0.052" /><testcase classname="backend.tests.test_mtree_backend.TestManifestations" name="test_mark_manifested" time="0.062" /><testcase classname="backend.tests.test_mtree_backend.TestManifestations" name="test_garden_has_entry" time="0.047" /><testcase classname="backend.tests.test_mtree_backend.TestManifestations" name="test_abandon_manifestation" time="0.145" /><testcase classname="backend.tests.test_mtree_backend.TestSubscriptionAndCommunity" name="test_new_user_is_premium_by_default_wall_accessible" time="0.285" /><testcase classname="backend.tests.test_mtree_backend.TestSubscriptionAndCommunity" name="test_subscribe_marks_premium" time="0.115" /><testcase classname="backend.tests.test_mtree_backend.TestSubscriptionAndCommunity" name="test_subscribe_other_plans[first_month]" time="0.049" /><testcase classname="backend.tests.test_mtree_backend.TestSubscriptionAndCommunity" name="test_subscribe_other_plans[6_month]" time="0.051" /><testcase classname="backend.tests.test_mtree_backend.TestSubscriptionAndCommunity" name="test_subscribe_other_plans[yearly]" time="0.049" /><testcase classname="backend.tests.test_mtree_backend.TestSubscriptionAndCommunity" name="test_wall_returns_list_for_premium" time="0.045" /><testcase classname="backend.tests.test_mtree_backend.TestSubscriptionAndCommunity" name="test_leaderboard_returns_list_for_premium" time="0.048" /><testcase classname="backend.tests.test_mtree_backend.TestSubscriptionAndCommunity" name="test_save_and_retrieve_saved" time="0.225" /><testcase classname="backend.tests.test_mtree_backend.TestSubscriptionAndCommunity" name="test_save_endpoint_toggles" time="0.331" /><testcase classname="backend.tests.test_mtree_backend.TestSubscriptionAndCommunity" name="test_wall_only_returns_manifested_status" time="0.401" /><testcase classname="backend.tests.test_mtree_backend.TestSubscriptionAndCommunity" name="test_hustle_enabled_create_and_read" time="0.460" /><testcase classname="backend.tests.test_mtree_backend.TestSubscriptionAndCommunity" name="test_moon_phase_at_start_create_and_read" time="0.496" /><testcase classname="backend.tests.test_mtree_backend.TestSubscriptionAndCommunity" name="test_wall_items_contain_detail_fields" time="0.046" /><testcase classname="backend.tests.test_mtree_backend.TestLogout" name="test_logout_invalidates_token" time="0.195" /><testcase classname="backend.tests.test_mtree_backend.TestSessionExpiry" name="test_session_valid_for_7_days_approx" time="0.094" /><testcase classname="backend.tests.test_new_features.TestAffirmationLanguage" name="test_default_language_english" time="0.150" /><testcase classname="backend.tests.test_new_features.TestAffirmationLanguage" name="test_hindi_language_serves_translated_text" time="0.043" /><testcase classname="backend.tests.test_new_features.TestAffirmationLanguage" name="test_tamil_serves_translated_text" time="0.048" /><testcase classname="backend.tests.test_new_features.TestAffirmationLanguage" name="test_response_shape_has_required_fields" time="0.045" /><testcase classname="backend.tests.test_new_features.TestReminderFrequencyUpTo10" name="test_notification_count_persists[0]" time="0.134" /><testcase classname="backend.tests.test_new_features.TestReminderFrequencyUpTo10" name="test_notification_count_persists[1]" time="0.135" /><testcase classname="backend.tests.test_new_features.TestReminderFrequencyUpTo10" name="test_notification_count_persists[2]" time="0.186" /><testcase classname="backend.tests.test_new_features.TestReminderFrequencyUpTo10" name="test_notification_count_persists[3]" time="0.177" /><testcase classname="backend.tests.test_new_features.TestReminderFrequencyUpTo10" name="test_notification_count_persists[5]" time="0.134" /><testcase classname="backend.tests.test_new_features.TestReminderFrequencyUpTo10" name="test_notification_count_persists[7]" time="0.143" /><testcase classname="backend.tests.test_new_features.TestReminderFrequencyUpTo10" name="test_notification_count_persists[10]" time="0.128" /><testcase classname="backend.tests.test_new_features.TestEmptyWall" name="test_wall_empty_returns_clean_empty_list_for_fresh_user_scope" time="0.091" /><testcase classname="backend.tests.test_wall_filters_rotation.TestWallDefaultsAndFilters" name="test_default_limit_is_20" time="3.329" /><testcase classname="backend.tests.test_wall_filters_rotation.TestWallDefaultsAndFilters" name="test_only_manifested_status_returned" time="0.427" /><testcase classname="backend.tests.test_wall_filters_rotation.TestWallDefaultsAndFilters" name="test_goal_category_filter" time="0.371" /><testcase classname="backend.tests.test_wall_filters_rotation.TestWallDefaultsAndFilters" name="test_sacrifice_category_filter" time="0.268" /><testcase classname="backend.tests.test_wall_filters_rotation.TestWallDefaultsAndFilters" name="test_cycle_days_filter" time="0.251" /><testcase classname="backend.tests.test_wall_filters_rotation.TestWallDefaultsAndFilters" name="test_fasting_enabled_filter" time="0.236" /><testcase classname="backend.tests.test_wall_filters_rotation.TestWallDefaultsAndFilters" name="test_limit_param_values[10-10]" time="1.768" /><testcase classname="backend.tests.test_wall_filters_rotation.TestWallDefaultsAndFilters" name="test_limit_param_values[20-20]" time="2.942" /><testcase classname="backend.tests.test_wall_filters_rotation.TestWallDefaultsAndFilters" name="test_limit_param_values[50-50]" time="6.242" /><testcase classname="backend.tests.test_wall_filters_rotation.TestWallDefaultsAndFilters" name="test_limit_clamped_above_50" time="7.252" /><testcase classname="backend.tests.test_wall_filters_rotation.TestWallDefaultsAndFilters" name="test_limit_clamped_below_1" time="0.257" /><testcase classname="backend.tests.test_wall_filters_rotation.TestWallFairRotation" name="test_last_shown_at_updates_after_fetch" time="0.413" /><testcase classname="backend.tests.test_wall_filters_rotation.TestWallFairRotation" name="test_shown_item_deprioritized_on_next_call" time="0.424" /><testcase classname="backend.tests.test_wall_filters_rotation.TestRitualLocalDate" name="test_ritual_with_local_date_increments" time="0.205" /><testcase classname="backend.tests.test_wall_filters_rotation.TestRitualLocalDate" name="test_same_local_date_twice_returns_400" time="0.240" /><testcase classname="backend.tests.test_wall_filters_rotation.TestRitualLocalDate" name="test_different_local_date_next_day_succeeds_even_if_utc_unchanged" time="0.284" /><testcase classname="backend.tests.test_wall_filters_rotation.TestRitualLocalDate" name="test_ritual_without_local_date_falls_back_to_utc" time="0.250" /></testsuite></testsuites>